2019-02-10T12:46:11.457-0600 I CONTROL  [main] Automatically disabling TLS 1.0, to force-enable TLS 1.0 specify --sslDisabledProtocols 'none'
2019-02-10T12:46:11.471-0600 I CONTROL  [initandlisten] MongoDB starting : pid=65891 port=27017 dbpath=/Users/tyler.fletcher/Git (Local)/Personal/ToDoList/ToDoList-API/./mongo 64-bit host=NHMA033.lan
2019-02-10T12:46:11.471-0600 I CONTROL  [initandlisten] db version v4.0.6
2019-02-10T12:46:11.471-0600 I CONTROL  [initandlisten] git version: caa42a1f75a56c7643d0b68d3880444375ec42e3
2019-02-10T12:46:11.471-0600 I CONTROL  [initandlisten] allocator: system
2019-02-10T12:46:11.471-0600 I CONTROL  [initandlisten] modules: none
2019-02-10T12:46:11.471-0600 I CONTROL  [initandlisten] build environment:
2019-02-10T12:46:11.471-0600 I CONTROL  [initandlisten]     distarch: x86_64
2019-02-10T12:46:11.471-0600 I CONTROL  [initandlisten]     target_arch: x86_64
2019-02-10T12:46:11.471-0600 I CONTROL  [initandlisten] options: { processManagement: { fork: true }, storage: { dbPath: "./mongo" }, systemLog: { destination: "file", path: "./mongodb.log" } }
2019-02-10T12:46:11.472-0600 I STORAGE  [initandlisten] Detected data files in /Users/tyler.fletcher/Git (Local)/Personal/ToDoList/ToDoList-API/./mongo created by the 'wiredTiger' storage engine, so setting the active storage engine to 'wiredTiger'.
2019-02-10T12:46:11.472-0600 I STORAGE  [initandlisten] wiredtiger_open config: create,cache_size=7680M,session_max=20000,eviction=(threads_min=4,threads_max=4),config_base=false,statistics=(fast),log=(enabled=true,archive=true,path=journal,compressor=snappy),file_manager=(close_idle_time=100000),statistics_log=(wait=0),verbose=(recovery_progress),
2019-02-10T12:46:12.167-0600 I STORAGE  [initandlisten] WiredTiger message [1549824372:167389][65891:0x10f99b5c0], txn-recover: Main recovery loop: starting at 5/6656 to 6/256
2019-02-10T12:46:12.252-0600 I STORAGE  [initandlisten] WiredTiger message [1549824372:252219][65891:0x10f99b5c0], txn-recover: Recovering log 5 through 6
2019-02-10T12:46:12.311-0600 I STORAGE  [initandlisten] WiredTiger message [1549824372:311014][65891:0x10f99b5c0], txn-recover: Recovering log 6 through 6
2019-02-10T12:46:12.357-0600 I STORAGE  [initandlisten] WiredTiger message [1549824372:357092][65891:0x10f99b5c0], txn-recover: Set global recovery timestamp: 0
2019-02-10T12:46:12.488-0600 I RECOVERY [initandlisten] WiredTiger recoveryTimestamp. Ts: Timestamp(0, 0)
2019-02-10T12:46:12.497-0600 I CONTROL  [initandlisten] 
2019-02-10T12:46:12.497-0600 I CONTROL  [initandlisten] ** WARNING: Access control is not enabled for the database.
2019-02-10T12:46:12.497-0600 I CONTROL  [initandlisten] **          Read and write access to data and configuration is unrestricted.
2019-02-10T12:46:12.497-0600 I CONTROL  [initandlisten] 
2019-02-10T12:46:12.497-0600 I CONTROL  [initandlisten] ** WARNING: This server is bound to localhost.
2019-02-10T12:46:12.497-0600 I CONTROL  [initandlisten] **          Remote systems will be unable to connect to this server. 
2019-02-10T12:46:12.497-0600 I CONTROL  [initandlisten] **          Start the server with --bind_ip <address> to specify which IP 
2019-02-10T12:46:12.497-0600 I CONTROL  [initandlisten] **          addresses it should serve responses from, or with --bind_ip_all to
2019-02-10T12:46:12.497-0600 I CONTROL  [initandlisten] **          bind to all interfaces. If this behavior is desired, start the
2019-02-10T12:46:12.497-0600 I CONTROL  [initandlisten] **          server with --bind_ip 127.0.0.1 to disable this warning.
2019-02-10T12:46:12.497-0600 I CONTROL  [initandlisten] 
2019-02-10T12:46:12.508-0600 I FTDC     [initandlisten] Initializing full-time diagnostic data capture with directory '/Users/tyler.fletcher/Git (Local)/Personal/ToDoList/ToDoList-API/./mongo/diagnostic.data'
2019-02-10T12:46:12.511-0600 I NETWORK  [initandlisten] waiting for connections on port 27017
2019-02-10T12:49:28.326-0600 I CONTROL  [signalProcessingThread] got signal 15 (Terminated: 15), will terminate after current cmd ends
2019-02-10T12:49:28.326-0600 I NETWORK  [signalProcessingThread] shutdown: going to close listening sockets...
2019-02-10T12:49:28.326-0600 I NETWORK  [signalProcessingThread] removing socket file: /tmp/mongodb-27017.sock
2019-02-10T12:49:28.327-0600 I CONTROL  [signalProcessingThread] Shutting down free monitoring
2019-02-10T12:49:28.327-0600 I FTDC     [signalProcessingThread] Shutting down full-time diagnostic data capture
2019-02-10T12:49:28.329-0600 I STORAGE  [signalProcessingThread] WiredTigerKVEngine shutting down
2019-02-10T12:49:28.329-0600 I STORAGE  [signalProcessingThread] Shutting down session sweeper thread
2019-02-10T12:49:28.329-0600 I STORAGE  [signalProcessingThread] Finished shutting down session sweeper thread
2019-02-10T12:49:28.492-0600 I STORAGE  [signalProcessingThread] shutdown: removing fs lock...
2019-02-10T12:49:28.493-0600 I CONTROL  [signalProcessingThread] now exiting
2019-02-10T12:49:28.493-0600 I CONTROL  [signalProcessingThread] shutting down with code:0
